{"/Users/jessenayak/osf.io/node_modules/markdown-it-prezi/index.js":{"path":"/Users/jessenayak/osf.io/node_modules/markdown-it-prezi/index.js","s":{"1":1,"2":11,"3":11,"4":11,"5":2,"6":9,"7":1,"8":1,"9":23,"10":23,"11":23,"12":8,"13":15,"14":0,"15":15,"16":15,"17":4,"18":11,"19":0,"20":11,"21":11,"22":11,"23":11,"24":11,"25":0,"26":11,"27":11,"28":11,"29":11,"30":11,"31":11,"32":11,"33":11,"34":11,"35":11,"36":11,"37":11,"38":11,"39":11,"40":11,"41":1,"42":1,"43":1,"44":11,"45":11,"46":11,"47":1,"48":10,"49":10,"50":10,"51":10,"52":0,"53":1,"54":1,"55":1,"56":1},"b":{"1":[2,9],"2":[8,15],"3":[0,15],"4":[4,11],"5":[0,11],"6":[11,0],"7":[0,11],"8":[11,0],"9":[1,10],"10":[10,0]},"f":{"1":11,"2":1,"3":23,"4":1,"5":11,"6":1},"fnMap":{"1":{"name":"prezi_parser","line":6,"loc":{"start":{"line":6,"column":0},"end":{"line":6,"column":26}}},"2":{"name":"prezi_embed","line":16,"loc":{"start":{"line":16,"column":0},"end":{"line":16,"column":25}}},"3":{"name":"prezi_return","line":17,"loc":{"start":{"line":17,"column":4},"end":{"line":17,"column":41}}},"4":{"name":"tokenize_return_wrapper","line":95,"loc":{"start":{"line":95,"column":0},"end":{"line":95,"column":37}}},"5":{"name":"tokenize_return","line":96,"loc":{"start":{"line":96,"column":4},"end":{"line":96,"column":62}}},"6":{"name":"prezi_plugin","line":114,"loc":{"start":{"line":114,"column":17},"end":{"line":114,"column":43}}}},"statementMap":{"1":{"start":{"line":6,"column":0},"end":{"line":14,"column":1}},"2":{"start":{"line":7,"column":4},"end":{"line":7,"column":49}},"3":{"start":{"line":8,"column":4},"end":{"line":8,"column":34}},"4":{"start":{"line":9,"column":4},"end":{"line":13,"column":5}},"5":{"start":{"line":10,"column":8},"end":{"line":10,"column":24}},"6":{"start":{"line":12,"column":8},"end":{"line":12,"column":19}},"7":{"start":{"line":16,"column":0},"end":{"line":93,"column":1}},"8":{"start":{"line":17,"column":4},"end":{"line":91,"column":5}},"9":{"start":{"line":18,"column":8},"end":{"line":28,"column":31}},"10":{"start":{"line":31,"column":8},"end":{"line":31,"column":64}},"11":{"start":{"line":34,"column":8},"end":{"line":36,"column":9}},"12":{"start":{"line":35,"column":12},"end":{"line":35,"column":25}},"13":{"start":{"line":37,"column":8},"end":{"line":39,"column":9}},"14":{"start":{"line":38,"column":12},"end":{"line":38,"column":25}},"15":{"start":{"line":41,"column":8},"end":{"line":41,"column":48}},"16":{"start":{"line":43,"column":8},"end":{"line":45,"column":9}},"17":{"start":{"line":44,"column":12},"end":{"line":44,"column":25}},"18":{"start":{"line":47,"column":8},"end":{"line":49,"column":9}},"19":{"start":{"line":48,"column":12},"end":{"line":48,"column":25}},"20":{"start":{"line":52,"column":8},"end":{"line":52,"column":31}},"21":{"start":{"line":53,"column":8},"end":{"line":53,"column":31}},"22":{"start":{"line":54,"column":8},"end":{"line":56,"column":9}},"23":{"start":{"line":55,"column":12},"end":{"line":55,"column":44}},"24":{"start":{"line":59,"column":8},"end":{"line":61,"column":9}},"25":{"start":{"line":60,"column":12},"end":{"line":60,"column":25}},"26":{"start":{"line":63,"column":8},"end":{"line":63,"column":37}},"27":{"start":{"line":64,"column":8},"end":{"line":64,"column":76}},"28":{"start":{"line":70,"column":8},"end":{"line":86,"column":9}},"29":{"start":{"line":71,"column":12},"end":{"line":71,"column":37}},"30":{"start":{"line":72,"column":12},"end":{"line":72,"column":38}},"31":{"start":{"line":73,"column":12},"end":{"line":73,"column":70}},"32":{"start":{"line":74,"column":12},"end":{"line":79,"column":14}},"33":{"start":{"line":80,"column":12},"end":{"line":80,"column":50}},"34":{"start":{"line":82,"column":12},"end":{"line":82,"column":44}},"35":{"start":{"line":83,"column":12},"end":{"line":83,"column":36}},"36":{"start":{"line":84,"column":12},"end":{"line":84,"column":36}},"37":{"start":{"line":85,"column":12},"end":{"line":85,"column":38}},"38":{"start":{"line":88,"column":8},"end":{"line":88,"column":55}},"39":{"start":{"line":89,"column":8},"end":{"line":89,"column":43}},"40":{"start":{"line":90,"column":8},"end":{"line":90,"column":20}},"41":{"start":{"line":92,"column":4},"end":{"line":92,"column":24}},"42":{"start":{"line":95,"column":0},"end":{"line":112,"column":1}},"43":{"start":{"line":96,"column":4},"end":{"line":110,"column":5}},"44":{"start":{"line":97,"column":8},"end":{"line":97,"column":63}},"45":{"start":{"line":98,"column":8},"end":{"line":98,"column":63}},"46":{"start":{"line":99,"column":8},"end":{"line":101,"column":9}},"47":{"start":{"line":100,"column":12},"end":{"line":100,"column":22}},"48":{"start":{"line":103,"column":7},"end":{"line":109,"column":9}},"49":{"start":{"line":104,"column":12},"end":{"line":104,"column":251}},"50":{"start":{"line":105,"column":12},"end":{"line":105,"column":288}},"51":{"start":{"line":106,"column":12},"end":{"line":106,"column":51}},"52":{"start":{"line":108,"column":12},"end":{"line":108,"column":23}},"53":{"start":{"line":111,"column":4},"end":{"line":111,"column":27}},"54":{"start":{"line":114,"column":0},"end":{"line":117,"column":1}},"55":{"start":{"line":115,"column":4},"end":{"line":115,"column":58}},"56":{"start":{"line":116,"column":4},"end":{"line":116,"column":65}}},"branchMap":{"1":{"line":9,"type":"if","locations":[{"start":{"line":9,"column":4},"end":{"line":9,"column":4}},{"start":{"line":9,"column":4},"end":{"line":9,"column":4}}]},"2":{"line":34,"type":"if","locations":[{"start":{"line":34,"column":8},"end":{"line":34,"column":8}},{"start":{"line":34,"column":8},"end":{"line":34,"column":8}}]},"3":{"line":37,"type":"if","locations":[{"start":{"line":37,"column":8},"end":{"line":37,"column":8}},{"start":{"line":37,"column":8},"end":{"line":37,"column":8}}]},"4":{"line":43,"type":"if","locations":[{"start":{"line":43,"column":8},"end":{"line":43,"column":8}},{"start":{"line":43,"column":8},"end":{"line":43,"column":8}}]},"5":{"line":47,"type":"if","locations":[{"start":{"line":47,"column":8},"end":{"line":47,"column":8}},{"start":{"line":47,"column":8},"end":{"line":47,"column":8}}]},"6":{"line":54,"type":"if","locations":[{"start":{"line":54,"column":8},"end":{"line":54,"column":8}},{"start":{"line":54,"column":8},"end":{"line":54,"column":8}}]},"7":{"line":59,"type":"if","locations":[{"start":{"line":59,"column":8},"end":{"line":59,"column":8}},{"start":{"line":59,"column":8},"end":{"line":59,"column":8}}]},"8":{"line":70,"type":"if","locations":[{"start":{"line":70,"column":8},"end":{"line":70,"column":8}},{"start":{"line":70,"column":8},"end":{"line":70,"column":8}}]},"9":{"line":99,"type":"if","locations":[{"start":{"line":99,"column":8},"end":{"line":99,"column":8}},{"start":{"line":99,"column":8},"end":{"line":99,"column":8}}]},"10":{"line":103,"type":"if","locations":[{"start":{"line":103,"column":7},"end":{"line":103,"column":7}},{"start":{"line":103,"column":7},"end":{"line":103,"column":7}}]}}}}