TN:
SF:/Users/jessenayak/osf.io/node_modules/markdown-it-prezi/index.js
FN:6,prezi_parser
FN:16,prezi_embed
FN:17,prezi_return
FN:95,tokenize_return_wrapper
FN:96,tokenize_return
FN:114,prezi_plugin
FNF:6
FNH:6
FNDA:11,prezi_parser
FNDA:1,prezi_embed
FNDA:23,prezi_return
FNDA:1,tokenize_return_wrapper
FNDA:11,tokenize_return
FNDA:1,prezi_plugin
DA:6,1
DA:7,11
DA:8,11
DA:9,11
DA:10,2
DA:12,9
DA:16,1
DA:17,1
DA:18,23
DA:31,23
DA:34,23
DA:35,8
DA:37,15
DA:38,0
DA:41,15
DA:43,15
DA:44,4
DA:47,11
DA:48,0
DA:52,11
DA:53,11
DA:54,11
DA:55,11
DA:59,11
DA:60,0
DA:63,11
DA:64,11
DA:70,11
DA:71,11
DA:72,11
DA:73,11
DA:74,11
DA:80,11
DA:82,11
DA:83,11
DA:84,11
DA:85,11
DA:88,11
DA:89,11
DA:90,11
DA:92,1
DA:95,1
DA:96,1
DA:97,11
DA:98,11
DA:99,11
DA:100,1
DA:103,10
DA:104,10
DA:105,10
DA:106,10
DA:108,0
DA:111,1
DA:114,1
DA:115,1
DA:116,1
LF:56
LH:52
BRDA:9,1,0,2
BRDA:9,1,1,9
BRDA:34,2,0,8
BRDA:34,2,1,15
BRDA:37,3,0,0
BRDA:37,3,1,15
BRDA:43,4,0,4
BRDA:43,4,1,11
BRDA:47,5,0,0
BRDA:47,5,1,11
BRDA:54,6,0,11
BRDA:54,6,1,0
BRDA:59,7,0,0
BRDA:59,7,1,11
BRDA:70,8,0,11
BRDA:70,8,1,0
BRDA:99,9,0,1
BRDA:99,9,1,10
BRDA:103,10,0,10
BRDA:103,10,1,0
BRF:20
BRH:14
end_of_record
